<?xml version="1.0" encoding="UTF-8"?>
<!-- Generated by org.testng.reporters.JUnitReportReporter -->
<testsuite skipped="0" hostname="SaravananVenu" name="org.altoromutual.Login" tests="4" failures="0" timestamp="31 Jan 2023 06:50:08 GMT" time="11.493" errors="0">
  <testcase name="loginCredentials" time="2.620" classname="org.altoromutual.Login"/>
  <testcase name="accountSummary" time="1.370" classname="org.altoromutual.Login"/>
  <testcase name="transaction" time="4.691" classname="org.altoromutual.Login"/>
  <testcase name="formFilling" time="2.812" classname="org.altoromutual.Login"/>
</testsuite> <!-- org.altoromutual.Login -->
